#
# There is insufficient memory for the Java Runtime Environment to continue.
# Native memory allocation (malloc) failed to allocate 1067936 bytes for Chunk::new
# Possible reasons:
#   The system is out of physical RAM or swap space
#   The process is running with CompressedOops enabled, and the Java Heap may be blocking the growth of the native heap
# Possible solutions:
#   Reduce memory load on the system
#   Increase physical memory or swap space
#   Check if swap backing store is full
#   Decrease Java heap size (-Xmx/-Xms)
#   Decrease number of Java threads
#   Decrease Java thread stack sizes (-Xss)
#   Set larger code cache with -XX:ReservedCodeCacheSize=
#   JVM is running with Zero Based Compressed Oops mode in which the Java heap is
#     placed in the first 32GB address space. The Java Heap base address is the
#     maximum limit for the native heap growth. Please use -XX:HeapBaseMinAddress
#     to set the Java Heap base and to place the Java Heap above 32GB virtual address.
# This output file may be truncated or incomplete.
#
#  Out of Memory Error (./src/hotspot/share/memory/arena.cpp:197), pid=10196, tid=15288
#
# JRE version: OpenJDK Runtime Environment JBR-11.0.10.8-1145.96-jcef (11.0.10+8) (build 11.0.10+8-b1145.96)
# Java VM: OpenJDK 64-Bit Server VM JBR-11.0.10.8-1145.96-jcef (11.0.10+8-b1145.96, mixed mode, tiered, compressed oops, g1 gc, windows-amd64)
# No core dump will be written. Minidumps are not enabled by default on client versions of Windows
#

---------------  S U M M A R Y ------------

Command Line: C:\Users\29534\AppData\Roaming\JetBrains\IntelliJIdea2020.3\plugins\idea-spring-tools\lib\server\language-server.jar

Host: AMD Ryzen 7 5800H with Radeon Graphics         , 16 cores, 13G,  Windows 10 , 64 bit Build 19041 (10.0.19041.1023)
Time: Thu Aug 12 10:43:13 2021 中国标准时间 elapsed time: 267.664717 seconds (0d 0h 4m 27s)

---------------  T H R E A D  ---------------

Current thread (0x000001fa93082000):  JavaThread "C2 CompilerThread0" daemon [_thread_in_native, id=15288, stack(0x0000007924d00000,0x0000007924e00000)]


Current CompileTask:
C2: 267665 6445       4       java.net.URI$Parser::parse (243 bytes)

Stack: [0x0000007924d00000,0x0000007924e00000]
Native frames: (J=compiled Java code, j=interpreted, Vv=VM code, C=native code)
V  [jvm.dll+0x5ece6a]
V  [jvm.dll+0x722cd5]
V  [jvm.dll+0x72422d]
V  [jvm.dll+0x7248e3]
V  [jvm.dll+0x2428d8]
V  [jvm.dll+0xbc5fc]
V  [jvm.dll+0xbcafc]
V  [jvm.dll+0x2b4f04]
V  [jvm.dll+0x5062e8]
V  [jvm.dll+0x2038b3]
V  [jvm.dll+0x1fd63c]
V  [jvm.dll+0x1fad3f]
V  [jvm.dll+0x18358c]
V  [jvm.dll+0x209547]
V  [jvm.dll+0x207d91]
V  [jvm.dll+0x6eb3df]
V  [jvm.dll+0x6e3f05]
V  [jvm.dll+0x5ebd56]
C  [ucrtbase.dll+0x21bb2]
C  [KERNEL32.DLL+0x17034]
C  [ntdll.dll+0x52651]


---------------  P R O C E S S  ---------------

Threads class SMR info:
_java_thread_list=0x000001fa9532d5f0, length=30, elements={
0x000001fa93024800, 0x000001fa9302e000, 0x000001fa9307c000, 0x000001fa9307d800,
0x000001fa9307e800, 0x000001fa93082000, 0x000001fa93084000, 0x000001fa93087800,
0x000001fa93219000, 0x000001fa94772800, 0x000001fa952ce800, 0x000001fa94b30800,
0x000001fa93858800, 0x000001fa942a3800, 0x000001fa953e9000, 0x000001fa953ea000,
0x000001fa953ed000, 0x000001fa953ec800, 0x000001fa953ee000, 0x000001fa953e8800,
0x000001fa953ea800, 0x000001fa953eb800, 0x000001fa953ef000, 0x000001fa9462f800,
0x000001fa94630000, 0x000001fa9462e000, 0x000001fa9462d000, 0x000001fa94631000,
0x000001fa94638800, 0x000001fa94632800
}

Java Threads: ( => current thread )
  0x000001fa93024800 JavaThread "Reference Handler" daemon [_thread_blocked, id=32868, stack(0x0000007924800000,0x0000007924900000)]
  0x000001fa9302e000 JavaThread "Finalizer" daemon [_thread_blocked, id=53448, stack(0x0000007924900000,0x0000007924a00000)]
  0x000001fa9307c000 JavaThread "Signal Dispatcher" daemon [_thread_blocked, id=62268, stack(0x0000007924a00000,0x0000007924b00000)]
  0x000001fa9307d800 JavaThread "Attach Listener" daemon [_thread_blocked, id=12336, stack(0x0000007924b00000,0x0000007924c00000)]
  0x000001fa9307e800 JavaThread "Service Thread" daemon [_thread_blocked, id=56836, stack(0x0000007924c00000,0x0000007924d00000)]
=>0x000001fa93082000 JavaThread "C2 CompilerThread0" daemon [_thread_in_native, id=15288, stack(0x0000007924d00000,0x0000007924e00000)]
  0x000001fa93084000 JavaThread "C1 CompilerThread0" daemon [_thread_blocked, id=20420, stack(0x0000007924e00000,0x0000007924f00000)]
  0x000001fa93087800 JavaThread "Sweeper thread" daemon [_thread_blocked, id=45184, stack(0x0000007924f00000,0x0000007925000000)]
  0x000001fa93219000 JavaThread "Common-Cleaner" daemon [_thread_blocked, id=58436, stack(0x0000007925100000,0x0000007925200000)]
  0x000001fa94772800 JavaThread "ForkJoinPool.commonPool-worker-19" daemon [_thread_blocked, id=43184, stack(0x0000007925d00000,0x0000007925e00000)]
  0x000001fa952ce800 JavaThread "ForkJoinPool.commonPool-worker-5" daemon [_thread_blocked, id=39400, stack(0x0000007925e00000,0x0000007925f00000)]
  0x000001fa94b30800 JavaThread "ForkJoinPool.commonPool-worker-23" daemon [_thread_blocked, id=61576, stack(0x0000007925f00000,0x0000007926000000)]
  0x000001fa93858800 JavaThread "ForkJoinPool.commonPool-worker-13" daemon [_thread_blocked, id=55604, stack(0x0000007926200000,0x0000007926300000)]
  0x000001fa942a3800 JavaThread "Simple-Language-Server main thread" daemon [_thread_blocked, id=59092, stack(0x0000007926400000,0x0000007926500000)]
  0x000001fa953e9000 JavaThread "LanguageServerApp-lifecycle" [_thread_blocked, id=39604, stack(0x0000007926500000,0x0000007926600000)]
  0x000001fa953ea000 JavaThread "DestroyJavaVM" [_thread_blocked, id=38944, stack(0x0000007924100000,0x0000007924200000)]
  0x000001fa953ed000 JavaThread "pool-4-thread-1" [_thread_in_native, id=29004, stack(0x0000007926600000,0x0000007926700000)]
  0x000001fa953ec800 JavaThread "pool-5-thread-1" [_thread_blocked, id=39680, stack(0x0000007925300000,0x0000007925400000)]
  0x000001fa953ee000 JavaThread "parallel-1" daemon [_thread_blocked, id=59288, stack(0x0000007926700000,0x0000007926800000)]
  0x000001fa953e8800 JavaThread "Reconciler-1" daemon [_thread_blocked, id=57116, stack(0x0000007926800000,0x0000007926900000)]
  0x000001fa953ea800 JavaThread "pool-2-thread-1" [_thread_blocked, id=54108, stack(0x0000007926900000,0x0000007926a00000)]
  0x000001fa953eb800 JavaThread "ForkJoinPool.commonPool-worker-17" daemon [_thread_blocked, id=44288, stack(0x0000007926a00000,0x0000007926b00000)]
  0x000001fa953ef000 JavaThread "ForkJoinPool.commonPool-worker-3" daemon [_thread_blocked, id=47204, stack(0x0000007926b00000,0x0000007926c00000)]
  0x000001fa9462f800 JavaThread "ForkJoinPool.commonPool-worker-21" daemon [_thread_blocked, id=36640, stack(0x0000007926c00000,0x0000007926d00000)]
  0x000001fa94630000 JavaThread "ForkJoinPool.commonPool-worker-25" daemon [_thread_blocked, id=60644, stack(0x0000007926e00000,0x0000007926f00000)]
  0x000001fa9462e000 JavaThread "ForkJoinPool.commonPool-worker-11" daemon [_thread_blocked, id=4896, stack(0x0000007926f00000,0x0000007927000000)]
  0x000001fa9462d000 JavaThread "ForkJoinPool.commonPool-worker-29" daemon [_thread_blocked, id=43516, stack(0x0000007927000000,0x0000007927100000)]
  0x000001fa94631000 JavaThread "ForkJoinPool.commonPool-worker-15" daemon [_thread_blocked, id=1436, stack(0x0000007927100000,0x0000007927200000)]
  0x000001fa94638800 JavaThread "elastic-evictor-1" daemon [_thread_blocked, id=37100, stack(0x0000007925200000,0x0000007925300000)]
  0x000001fa94632800 JavaThread "elastic-3" daemon [_thread_blocked, id=57828, stack(0x0000007923e00000,0x0000007923f00000)]

Other Threads:
  0x000001fafff98800 VMThread "VM Thread" [stack: 0x0000007924700000,0x0000007924800000] [id=20212]
  0x000001fa93217800 WatcherThread [stack: 0x0000007925000000,0x0000007925100000] [id=59336]
  0x000001faf3652000 GCTaskThread "GC Thread#0" [stack: 0x0000007924200000,0x0000007924300000] [id=50484]
  0x000001fa933ac800 GCTaskThread "GC Thread#1" [stack: 0x0000007925700000,0x0000007925800000] [id=49300]
  0x000001fa93515000 GCTaskThread "GC Thread#2" [stack: 0x0000007925800000,0x0000007925900000] [id=50752]
  0x000001fa93c56000 GCTaskThread "GC Thread#3" [stack: 0x0000007925900000,0x0000007925a00000] [id=44012]
  0x000001fa93fcf800 GCTaskThread "GC Thread#4" [stack: 0x0000007925a00000,0x0000007925b00000] [id=57380]
  0x000001fa93fcd000 GCTaskThread "GC Thread#5" [stack: 0x0000007927200000,0x0000007927300000] [id=54576]
  0x000001fa93fcf000 GCTaskThread "GC Thread#6" [stack: 0x0000007927300000,0x0000007927400000] [id=26360]
  0x000001fa93fd0800 GCTaskThread "GC Thread#7" [stack: 0x0000007927400000,0x0000007927500000] [id=49392]
  0x000001fa93fce800 GCTaskThread "GC Thread#8" [stack: 0x0000007927500000,0x0000007927600000] [id=33160]
  0x000001fa93fd1000 GCTaskThread "GC Thread#9" [stack: 0x0000007927600000,0x0000007927700000] [id=40400]
  0x000001faf36a4800 ConcurrentGCThread "G1 Main Marker" [stack: 0x0000007924300000,0x0000007924400000] [id=31416]
  0x000001faf36a7000 ConcurrentGCThread "G1 Conc#0" [stack: 0x0000007924400000,0x0000007924500000] [id=43728]
  0x000001fa93fcd800 ConcurrentGCThread "G1 Conc#1" [stack: 0x0000007925b00000,0x0000007925c00000] [id=14724]
  0x000001fa93fcc000 ConcurrentGCThread "G1 Conc#2" [stack: 0x0000007925c00000,0x0000007925d00000] [id=47392]
  0x000001faffe76000 ConcurrentGCThread "G1 Refine#0" [stack: 0x0000007924500000,0x0000007924600000] [id=57044]
  0x000001faffe77000 ConcurrentGCThread "G1 Young RemSet Sampling" [stack: 0x0000007924600000,0x0000007924700000] [id=43892]

Threads with active compile tasks:
C2 CompilerThread0 267748 6445       4       java.net.URI$Parser::parse (243 bytes)

VM state:not at safepoint (normal execution)

VM Mutex/Monitor currently owned by a thread: None

Heap address: 0x0000000722000000, size: 3552 MB, Compressed Oops mode: Zero based, Oop shift amount: 3
Narrow klass base: 0x0000000800000000, Narrow klass shift: 0
Compressed class space size: 1073741824 Address: 0x0000000800000000

Heap:
 garbage-first heap   total 227328K, used 69181K [0x0000000722000000, 0x0000000800000000)
  region size 1024K, 57 young (58368K), 9 survivors (9216K)
 Metaspace       used 43995K, capacity 45092K, committed 45184K, reserved 1089536K
  class space    used 4767K, capacity 5187K, committed 5248K, reserved 1048576K
Heap Regions: E=young(eden), S=young(survivor), O=old, HS=humongous(starts), HC=humongous(continues), CS=collection set, F=free, A=archive, TAMS=top-at-mark-start (previous, next)
|   0|0x0000000722000000, 0x0000000722100000, 0x0000000722100000|100%| O|  |TAMS 0x0000000722100000, 0x0000000722000000| Untracked 
|   1|0x0000000722100000, 0x0000000722200000, 0x0000000722200000|100%| O|  |TAMS 0x0000000722200000, 0x0000000722100000| Untracked 
|   2|0x0000000722200000, 0x0000000722300000, 0x0000000722300000|100%| O|  |TAMS 0x0000000722300000, 0x0000000722200000| Untracked 
|   3|0x0000000722300000, 0x0000000722400000, 0x0000000722400000|100%| O|  |TAMS 0x0000000722400000, 0x0000000722300000| Untracked 
|   4|0x0000000722400000, 0x0000000722500000, 0x0000000722500000|100%| O|  |TAMS 0x000000072244e800, 0x0000000722400000| Untracked 
|   5|0x0000000722500000, 0x0000000722600000, 0x0000000722600000|100%|HS|  |TAMS 0x0000000722600000, 0x0000000722500000| Complete 
|   6|0x0000000722600000, 0x0000000722700000, 0x0000000722700000|100%|HS|  |TAMS 0x0000000722700000, 0x0000000722600000| Complete 
|   7|0x0000000722700000, 0x0000000722800000, 0x0000000722800000|100%|HC|  |TAMS 0x0000000722800000, 0x0000000722700000| Complete 
|   8|0x0000000722800000, 0x0000000722900000, 0x0000000722900000|100%| O|  |TAMS 0x0000000722800000, 0x0000000722800000| Untracked 
|   9|0x0000000722900000, 0x0000000722a00000, 0x0000000722a00000|100%| O|  |TAMS 0x0000000722900000, 0x0000000722900000| Untracked 
|  10|0x0000000722a00000, 0x0000000722b00000, 0x0000000722b00000|100%| O|  |TAMS 0x0000000722a00000, 0x0000000722a00000| Untracked 
|  11|0x0000000722b00000, 0x0000000722c00000, 0x0000000722c00000|100%| O|  |TAMS 0x0000000722b00000, 0x0000000722b00000| Untracked 
|  12|0x0000000722c00000, 0x0000000722c55800, 0x0000000722d00000| 33%| O|  |TAMS 0x0000000722c00000, 0x0000000722c00000| Untracked 
|  13|0x0000000722d00000, 0x0000000722d00000, 0x0000000722e00000|  0%| F|  |TAMS 0x0000000722d00000, 0x0000000722d00000| Untracked 
|  14|0x0000000722e00000, 0x0000000722e00000, 0x0000000722f00000|  0%| F|  |TAMS 0x0000000722e00000, 0x0000000722e00000| Untracked 
|  15|0x0000000722f00000, 0x0000000722f00000, 0x0000000723000000|  0%| F|  |TAMS 0x0000000722f00000, 0x0000000722f00000| Untracked 
|  16|0x0000000723000000, 0x0000000723000000, 0x0000000723100000|  0%| F|  |TAMS 0x0000000723000000, 0x0000000723000000| Untracked 
|  17|0x0000000723100000, 0x0000000723100000, 0x0000000723200000|  0%| F|  |TAMS 0x0000000723100000, 0x0000000723100000| Untracked 
|  18|0x0000000723200000, 0x0000000723200000, 0x0000000723300000|  0%| F|  |TAMS 0x0000000723200000, 0x0000000723200000| Untracked 
|  19|0x0000000723300000, 0x0000000723300000, 0x0000000723400000|  0%| F|  |TAMS 0x0000000723300000, 0x0000000723300000| Untracked 
|  20|0x0000000723400000, 0x0000000723400000, 0x0000000723500000|  0%| F|  |TAMS 0x0000000723400000, 0x0000000723400000| Untracked 
|  21|0x0000000723500000, 0x0000000723500000, 0x0000000723600000|  0%| F|  |TAMS 0x0000000723500000, 0x0000000723500000| Untracked 
|  22|0x0000000723600000, 0x0000000723600000, 0x0000000723700000|  0%| F|  |TAMS 0x0000000723600000, 0x0000000723600000| Untracked 
|  23|0x0000000723700000, 0x0000000723700000, 0x0000000723800000|  0%| F|  |TAMS 0x0000000723700000, 0x0000000723700000| Untracked 
|  24|0x0000000723800000, 0x0000000723800000, 0x0000000723900000|  0%| F|  |TAMS 0x0000000723800000, 0x0000000723800000| Untracked 
|  25|0x0000000723900000, 0x0000000723900000, 0x0000000723a00000|  0%| F|  |TAMS 0x0000000723900000, 0x0000000723900000| Untracked 
|  26|0x0000000723a00000, 0x0000000723a00000, 0x0000000723b00000|  0%| F|  |TAMS 0x0000000723a00000, 0x0000000723a00000| Untracked 
|  27|0x0000000723b00000, 0x0000000723b00000, 0x0000000723c00000|  0%| F|  |TAMS 0x0000000723b00000, 0x0000000723b00000| Untracked 
|  28|0x0000000723c00000, 0x0000000723c00000, 0x0000000723d00000|  0%| F|  |TAMS 0x0000000723c00000, 0x0000000723c00000| Untracked 
|  29|0x0000000723d00000, 0x0000000723d00000, 0x0000000723e00000|  0%| F|  |TAMS 0x0000000723d00000, 0x0000000723d00000| Untracked 
|  30|0x0000000723e00000, 0x0000000723e00000, 0x0000000723f00000|  0%| F|  |TAMS 0x0000000723e00000, 0x0000000723e00000| Untracked 
|  31|0x0000000723f00000, 0x0000000723f00000, 0x0000000724000000|  0%| F|  |TAMS 0x0000000723f00000, 0x0000000723f00000| Untracked 
|  32|0x0000000724000000, 0x0000000724000000, 0x0000000724100000|  0%| F|  |TAMS 0x0000000724000000, 0x0000000724000000| Untracked 
|  33|0x0000000724100000, 0x0000000724100000, 0x0000000724200000|  0%| F|  |TAMS 0x0000000724100000, 0x0000000724100000| Untracked 
|  34|0x0000000724200000, 0x0000000724200000, 0x0000000724300000|  0%| F|  |TAMS 0x0000000724200000, 0x0000000724200000| Untracked 
|  35|0x0000000724300000, 0x0000000724300000, 0x0000000724400000|  0%| F|  |TAMS 0x0000000724300000, 0x0000000724300000| Untracked 
|  36|0x0000000724400000, 0x0000000724400000, 0x0000000724500000|  0%| F|  |TAMS 0x0000000724400000, 0x0000000724400000| Untracked 
|  37|0x0000000724500000, 0x0000000724500000, 0x0000000724600000|  0%| F|  |TAMS 0x0000000724500000, 0x0000000724500000| Untracked 
|  38|0x0000000724600000, 0x0000000724600000, 0x0000000724700000|  0%| F|  |TAMS 0x0000000724600000, 0x0000000724600000| Untracked 
|  39|0x0000000724700000, 0x0000000724700000, 0x0000000724800000|  0%| F|  |TAMS 0x0000000724700000, 0x0000000724700000| Untracked 
|  40|0x0000000724800000, 0x0000000724800000, 0x0000000724900000|  0%| F|  |TAMS 0x0000000724800000, 0x0000000724800000| Untracked 
|  41|0x0000000724900000, 0x0000000724900000, 0x0000000724a00000|  0%| F|  |TAMS 0x0000000724900000, 0x0000000724900000| Untracked 
|  42|0x0000000724a00000, 0x0000000724a00000, 0x0000000724b00000|  0%| F|  |TAMS 0x0000000724a00000, 0x0000000724a00000| Untracked 
|  43|0x0000000724b00000, 0x0000000724b00000, 0x0000000724c00000|  0%| F|  |TAMS 0x0000000724b00000, 0x0000000724b00000| Untracked 
|  44|0x0000000724c00000, 0x0000000724c00000, 0x0000000724d00000|  0%| F|  |TAMS 0x0000000724c00000, 0x0000000724c00000| Untracked 
|  45|0x0000000724d00000, 0x0000000724d00000, 0x0000000724e00000|  0%| F|  |TAMS 0x0000000724d00000, 0x0000000724d00000| Untracked 
|  46|0x0000000724e00000, 0x0000000724e00000, 0x0000000724f00000|  0%| F|  |TAMS 0x0000000724e00000, 0x0000000724e00000| Untracked 
|  47|0x0000000724f00000, 0x0000000724f00000, 0x0000000725000000|  0%| F|  |TAMS 0x0000000724f00000, 0x0000000724f00000| Untracked 
|  48|0x0000000725000000, 0x0000000725000000, 0x0000000725100000|  0%| F|  |TAMS 0x0000000725000000, 0x0000000725000000| Untracked 
|  49|0x0000000725100000, 0x0000000725100000, 0x0000000725200000|  0%| F|  |TAMS 0x0000000725100000, 0x0000000725100000| Untracked 
|  50|0x0000000725200000, 0x0000000725200000, 0x0000000725300000|  0%| F|  |TAMS 0x0000000725200000, 0x0000000725200000| Untracked 
|  51|0x0000000725300000, 0x0000000725300000, 0x0000000725400000|  0%| F|  |TAMS 0x0000000725300000, 0x0000000725300000| Untracked 
|  52|0x0000000725400000, 0x0000000725400000, 0x0000000725500000|  0%| F|  |TAMS 0x0000000725400000, 0x0000000725400000| Untracked 
|  53|0x0000000725500000, 0x0000000725500000, 0x0000000725600000|  0%| F|  |TAMS 0x0000000725500000, 0x0000000725500000| Untracked 
|  54|0x0000000725600000, 0x0000000725600000, 0x0000000725700000|  0%| F|  |TAMS 0x0000000725600000, 0x0000000725600000| Untracked 
|  55|0x0000000725700000, 0x0000000725700000, 0x0000000725800000|  0%| F|  |TAMS 0x0000000725700000, 0x0000000725700000| Untracked 
|  56|0x0000000725800000, 0x0000000725800000, 0x0000000725900000|  0%| F|  |TAMS 0x0000000725800000, 0x0000000725800000| Untracked 
|  57|0x0000000725900000, 0x0000000725900000, 0x0000000725a00000|  0%| F|  |TAMS 0x0000000725900000, 0x0000000725900000| Untracked 
|  58|0x0000000725a00000, 0x0000000725a00000, 0x0000000725b00000|  0%| F|  |TAMS 0x0000000725a00000, 0x0000000725a00000| Untracked 
|  59|0x0000000725b00000, 0x0000000725b00000, 0x0000000725c00000|  0%| F|  |TAMS 0x0000000725b00000, 0x0000000725b00000| Untracked 
|  60|0x0000000725c00000, 0x0000000725c00000, 0x0000000725d00000|  0%| F|  |TAMS 0x0000000725c00000, 0x0000000725c00000| Untracked 
|  61|0x0000000725d00000, 0x0000000725d00000, 0x0000000725e00000|  0%| F|  |TAMS 0x0000000725d00000, 0x0000000725d00000| Untracked 
|  62|0x0000000725e00000, 0x0000000725e00000, 0x0000000725f00000|  0%| F|  |TAMS 0x0000000725e00000, 0x0000000725e00000| Untracked 
|  63|0x0000000725f00000, 0x0000000725f00000, 0x0000000726000000|  0%| F|  |TAMS 0x0000000725f00000, 0x0000000725f00000| Untracked 
|  64|0x0000000726000000, 0x0000000726000000, 0x0000000726100000|  0%| F|  |TAMS 0x0000000726000000, 0x0000000726000000| Untracked 
|  65|0x0000000726100000, 0x0000000726100000, 0x0000000726200000|  0%| F|  |TAMS 0x0000000726100000, 0x0000000726100000| Untracked 
|  66|0x0000000726200000, 0x0000000726200000, 0x0000000726300000|  0%| F|  |TAMS 0x0000000726200000, 0x0000000726200000| Untracked 
|  67|0x0000000726300000, 0x0000000726300000, 0x0000000726400000|  0%| F|  |TAMS 0x0000000726300000, 0x0000000726300000| Untracked 
|  68|0x0000000726400000, 0x0000000726400000, 0x0000000726500000|  0%| F|  |TAMS 0x0000000726400000, 0x0000000726400000| Untracked 
|  69|0x0000000726500000, 0x0000000726500000, 0x0000000726600000|  0%| F|  |TAMS 0x0000000726500000, 0x0000000726500000| Untracked 
|  70|0x0000000726600000, 0x0000000726600000, 0x0000000726700000|  0%| F|  |TAMS 0x0000000726600000, 0x0000000726600000| Untracked 
|  71|0x0000000726700000, 0x0000000726700000, 0x0000000726800000|  0%| F|  |TAMS 0x0000000726700000, 0x0000000726700000| Untracked 
|  72|0x0000000726800000, 0x0000000726800000, 0x0000000726900000|  0%| F|  |TAMS 0x0000000726800000, 0x0000000726800000| Untracked 
|  73|0x0000000726900000, 0x0000000726900000, 0x0000000726a00000|  0%| F|  |TAMS 0x0000000726900000, 0x0000000726900000| Untracked 
|  74|0x0000000726a00000, 0x0000000726a00000, 0x0000000726b00000|  0%| F|  |TAMS 0x0000000726a00000, 0x0000000726a00000| Untracked 
|  75|0x0000000726b00000, 0x0000000726b00000, 0x0000000726c00000|  0%| F|  |TAMS 0x0000000726b00000, 0x0000000726b00000| Untracked 
|  76|0x0000000726c00000, 0x0000000726c00000, 0x0000000726d00000|  0%| F|  |TAMS 0x0000000726c00000, 0x0000000726c00000| Untracked 
|  77|0x0000000726d00000, 0x0000000726d00000, 0x0000000726e00000|  0%| F|  |TAMS 0x0000000726d00000, 0x0000000726d00000| Untracked 
|  78|0x0000000726e00000, 0x0000000726e00000, 0x0000000726f00000|  0%| F|  |TAMS 0x0000000726e00000, 0x0000000726e00000| Untracked 
|  79|0x0000000726f00000, 0x0000000726f00000, 0x0000000727000000|  0%| F|  |TAMS 0x0000000726f00000, 0x0000000726f00000| Untracked 
|  80|0x0000000727000000, 0x0000000727039df0, 0x0000000727100000| 22%| S|CS|TAMS 0x0000000727000000, 0x0000000727000000| Complete 
|  81|0x0000000727100000, 0x0000000727200000, 0x0000000727200000|100%| S|CS|TAMS 0x0000000727100000, 0x0000000727100000| Complete 
|  82|0x0000000727200000, 0x0000000727300000, 0x0000000727300000|100%| S|CS|TAMS 0x0000000727200000, 0x0000000727200000| Complete 
|  83|0x0000000727300000, 0x0000000727400000, 0x0000000727400000|100%| S|CS|TAMS 0x0000000727300000, 0x0000000727300000| Complete 
|  84|0x0000000727400000, 0x0000000727500000, 0x0000000727500000|100%| S|CS|TAMS 0x0000000727400000, 0x0000000727400000| Complete 
|  85|0x0000000727500000, 0x0000000727600000, 0x0000000727600000|100%| S|CS|TAMS 0x0000000727500000, 0x0000000727500000| Complete 
|  86|0x0000000727600000, 0x0000000727700000, 0x0000000727700000|100%| S|CS|TAMS 0x0000000727600000, 0x0000000727600000| Complete 
|  87|0x0000000727700000, 0x0000000727800000, 0x0000000727800000|100%| S|CS|TAMS 0x0000000727700000, 0x0000000727700000| Complete 
|  88|0x0000000727800000, 0x0000000727900000, 0x0000000727900000|100%| S|CS|TAMS 0x0000000727800000, 0x0000000727800000| Complete 
|  89|0x0000000727900000, 0x0000000727900000, 0x0000000727a00000|  0%| F|  |TAMS 0x0000000727900000, 0x0000000727900000| Untracked 
|  90|0x0000000727a00000, 0x0000000727a00000, 0x0000000727b00000|  0%| F|  |TAMS 0x0000000727a00000, 0x0000000727a00000| Untracked 
|  91|0x0000000727b00000, 0x0000000727b00000, 0x0000000727c00000|  0%| F|  |TAMS 0x0000000727b00000, 0x0000000727b00000| Untracked 
|  92|0x0000000727c00000, 0x0000000727c00000, 0x0000000727d00000|  0%| F|  |TAMS 0x0000000727c00000, 0x0000000727c00000| Untracked 
|  93|0x0000000727d00000, 0x0000000727d00000, 0x0000000727e00000|  0%| F|  |TAMS 0x0000000727d00000, 0x0000000727d00000| Untracked 
|  94|0x0000000727e00000, 0x0000000727e00000, 0x0000000727f00000|  0%| F|  |TAMS 0x0000000727e00000, 0x0000000727e00000| Untracked 
|  95|0x0000000727f00000, 0x0000000727f00000, 0x0000000728000000|  0%| F|  |TAMS 0x0000000727f00000, 0x0000000727f00000| Untracked 
|  96|0x0000000728000000, 0x0000000728000000, 0x0000000728100000|  0%| F|  |TAMS 0x0000000728000000, 0x0000000728000000| Untracked 
|  97|0x0000000728100000, 0x0000000728100000, 0x0000000728200000|  0%| F|  |TAMS 0x0000000728100000, 0x0000000728100000| Untracked 
|  98|0x0000000728200000, 0x0000000728200000, 0x0000000728300000|  0%| F|  |TAMS 0x0000000728200000, 0x0000000728200000| Untracked 
|  99|0x0000000728300000, 0x0000000728300000, 0x0000000728400000|  0%| F|  |TAMS 0x0000000728300000, 0x0000000728300000| Untracked 
| 100|0x0000000728400000, 0x0000000728400000, 0x0000000728500000|  0%| F|  |TAMS 0x0000000728400000, 0x0000000728400000| Untracked 
| 101|0x0000000728500000, 0x0000000728500000, 0x0000000728600000|  0%| F|  |TAMS 0x0000000728500000, 0x0000000728500000| Untracked 
| 102|0x0000000728600000, 0x0000000728600000, 0x0000000728700000|  0%| F|  |TAMS 0x0000000728600000, 0x0000000728600000| Untracked 
| 103|0x0000000728700000, 0x0000000728700000, 0x0000000728800000|  0%| F|  |TAMS 0x0000000728700000, 0x0000000728700000| Untracked 
| 104|0x0000000728800000, 0x0000000728800000, 0x0000000728900000|  0%| F|  |TAMS 0x0000000728800000, 0x0000000728800000| Untracked 
| 105|0x0000000728900000, 0x0000000728900000, 0x0000000728a00000|  0%| F|  |TAMS 0x0000000728900000, 0x0000000728900000| Untracked 
| 106|0x0000000728a00000, 0x0000000728a00000, 0x0000000728b00000|  0%| F|  |TAMS 0x0000000728a00000, 0x0000000728a00000| Untracked 
| 107|0x0000000728b00000, 0x0000000728b00000, 0x0000000728c00000|  0%| F|  |TAMS 0x0000000728b00000, 0x0000000728b00000| Untracked 
| 108|0x0000000728c00000, 0x0000000728c00000, 0x0000000728d00000|  0%| F|  |TAMS 0x0000000728c00000, 0x0000000728c00000| Untracked 
| 109|0x0000000728d00000, 0x0000000728d00000, 0x0000000728e00000|  0%| F|  |TAMS 0x0000000728d00000, 0x0000000728d00000| Untracked 
| 110|0x0000000728e00000, 0x0000000728e00000, 0x0000000728f00000|  0%| F|  |TAMS 0x0000000728e00000, 0x0000000728e00000| Untracked 
| 111|0x0000000728f00000, 0x0000000728f00000, 0x0000000729000000|  0%| F|  |TAMS 0x0000000728f00000, 0x0000000728f00000| Untracked 
| 112|0x0000000729000000, 0x0000000729000000, 0x0000000729100000|  0%| F|  |TAMS 0x0000000729000000, 0x0000000729000000| Untracked 
| 113|0x0000000729100000, 0x0000000729100000, 0x0000000729200000|  0%| F|  |TAMS 0x0000000729100000, 0x0000000729100000| Untracked 
| 114|0x0000000729200000, 0x0000000729200000, 0x0000000729300000|  0%| F|  |TAMS 0x0000000729200000, 0x0000000729200000| Untracked 
| 115|0x0000000729300000, 0x0000000729300000, 0x0000000729400000|  0%| F|  |TAMS 0x0000000729300000, 0x0000000729300000| Untracked 
| 116|0x0000000729400000, 0x0000000729400000, 0x0000000729500000|  0%| F|  |TAMS 0x0000000729400000, 0x0000000729400000| Untracked 
| 117|0x0000000729500000, 0x0000000729500000, 0x0000000729600000|  0%| F|  |TAMS 0x0000000729500000, 0x0000000729500000| Untracked 
| 118|0x0000000729600000, 0x0000000729600000, 0x0000000729700000|  0%| F|  |TAMS 0x0000000729600000, 0x0000000729600000| Untracked 
| 119|0x0000000729700000, 0x0000000729700000, 0x0000000729800000|  0%| F|  |TAMS 0x0000000729700000, 0x0000000729700000| Untracked 
| 120|0x0000000729800000, 0x0000000729800000, 0x0000000729900000|  0%| F|  |TAMS 0x0000000729800000, 0x0000000729800000| Untracked 
| 121|0x0000000729900000, 0x0000000729900000, 0x0000000729a00000|  0%| F|  |TAMS 0x0000000729900000, 0x0000000729900000| Untracked 
| 122|0x0000000729a00000, 0x0000000729a00000, 0x0000000729b00000|  0%| F|  |TAMS 0x0000000729a00000, 0x0000000729a00000| Untracked 
| 123|0x0000000729b00000, 0x0000000729b00000, 0x0000000729c00000|  0%| F|  |TAMS 0x0000000729b00000, 0x0000000729b00000| Untracked 
| 124|0x0000000729c00000, 0x0000000729c00000, 0x0000000729d00000|  0%| F|  |TAMS 0x0000000729c00000, 0x0000000729c00000| Untracked 
| 125|0x0000000729d00000, 0x0000000729d00000, 0x0000000729e00000|  0%| F|  |TAMS 0x0000000729d00000, 0x0000000729d00000| Untracked 
| 126|0x0000000729e00000, 0x0000000729e00000, 0x0000000729f00000|  0%| F|  |TAMS 0x0000000729e00000, 0x0000000729e00000| Untracked 
| 127|0x0000000729f00000, 0x0000000729f00000, 0x000000072a000000|  0%| F|  |TAMS 0x0000000729f00000, 0x0000000729f00000| Untracked 
| 128|0x000000072a000000, 0x000000072a000000, 0x000000072a100000|  0%| F|  |TAMS 0x000000072a000000, 0x000000072a000000| Untracked 
| 129|0x000000072a100000, 0x000000072a100000, 0x000000072a200000|  0%| F|  |TAMS 0x000000072a100000, 0x000000072a100000| Untracked 
| 130|0x000000072a200000, 0x000000072a200000, 0x000000072a300000|  0%| F|  |TAMS 0x000000072a200000, 0x000000072a200000| Untracked 
| 131|0x000000072a300000, 0x000000072a300000, 0x000000072a400000|  0%| F|  |TAMS 0x000000072a300000, 0x000000072a300000| Untracked 
| 132|0x000000072a400000, 0x000000072a400000, 0x000000072a500000|  0%| F|  |TAMS 0x000000072a400000, 0x000000072a400000| Untracked 
| 133|0x000000072a500000, 0x000000072a500000, 0x000000072a600000|  0%| F|  |TAMS 0x000000072a500000, 0x000000072a500000| Untracked 
| 134|0x000000072a600000, 0x000000072a600000, 0x000000072a700000|  0%| F|  |TAMS 0x000000072a600000, 0x000000072a600000| Untracked 
| 135|0x000000072a700000, 0x000000072a700000, 0x000000072a800000|  0%| F|  |TAMS 0x000000072a700000, 0x000000072a700000| Untracked 
| 136|0x000000072a800000, 0x000000072a800000, 0x000000072a900000|  0%| F|  |TAMS 0x000000072a800000, 0x000000072a800000| Untracked 
| 137|0x000000072a900000, 0x000000072a900000, 0x000000072aa00000|  0%| F|  |TAMS 0x000000072a900000, 0x000000072a900000| Untracked 
| 138|0x000000072aa00000, 0x000000072aa00000, 0x000000072ab00000|  0%| F|  |TAMS 0x000000072aa00000, 0x000000072aa00000| Untracked 
| 139|0x000000072ab00000, 0x000000072ab00000, 0x000000072ac00000|  0%| F|  |TAMS 0x000000072ab00000, 0x000000072ab00000| Untracked 
| 140|0x000000072ac00000, 0x000000072ac00000, 0x000000072ad00000|  0%| F|  |TAMS 0x000000072ac00000, 0x000000072ac00000| Untracked 
| 141|0x000000072ad00000, 0x000000072ad00000, 0x000000072ae00000|  0%| F|  |TAMS 0x000000072ad00000, 0x000000072ad00000| Untracked 
| 142|0x000000072ae00000, 0x000000072ae00000, 0x000000072af00000|  0%| F|  |TAMS 0x000000072ae00000, 0x000000072ae00000| Untracked 
| 143|0x000000072af00000, 0x000000072af00000, 0x000000072b000000|  0%| F|  |TAMS 0x000000072af00000, 0x000000072af00000| Untracked 
| 144|0x000000072b000000, 0x000000072b000000, 0x000000072b100000|  0%| F|  |TAMS 0x000000072b000000, 0x000000072b000000| Untracked 
| 145|0x000000072b100000, 0x000000072b100000, 0x000000072b200000|  0%| F|  |TAMS 0x000000072b100000, 0x000000072b100000| Untracked 
| 146|0x000000072b200000, 0x000000072b200000, 0x000000072b300000|  0%| F|  |TAMS 0x000000072b200000, 0x000000072b200000| Untracked 
| 147|0x000000072b300000, 0x000000072b300000, 0x000000072b400000|  0%| F|  |TAMS 0x000000072b300000, 0x000000072b300000| Untracked 
| 148|0x000000072b400000, 0x000000072b400000, 0x000000072b500000|  0%| F|  |TAMS 0x000000072b400000, 0x000000072b400000| Untracked 
| 149|0x000000072b500000, 0x000000072b500000, 0x000000072b600000|  0%| F|  |TAMS 0x000000072b500000, 0x000000072b500000| Untracked 
| 150|0x000000072b600000, 0x000000072b600000, 0x000000072b700000|  0%| F|  |TAMS 0x000000072b600000, 0x000000072b600000| Untracked 
| 151|0x000000072b700000, 0x000000072b700000, 0x000000072b800000|  0%| F|  |TAMS 0x000000072b700000, 0x000000072b700000| Untracked 
| 152|0x000000072b800000, 0x000000072b800000, 0x000000072b900000|  0%| F|  |TAMS 0x000000072b800000, 0x000000072b800000| Untracked 
| 153|0x000000072b900000, 0x000000072b900000, 0x000000072ba00000|  0%| F|  |TAMS 0x000000072b900000, 0x000000072b900000| Untracked 
| 154|0x000000072ba00000, 0x000000072ba00000, 0x000000072bb00000|  0%| F|  |TAMS 0x000000072ba00000, 0x000000072ba00000| Untracked 
| 155|0x000000072bb00000, 0x000000072bb00000, 0x000000072bc00000|  0%| F|  |TAMS 0x000000072bb00000, 0x000000072bb00000| Untracked 
| 156|0x000000072bc00000, 0x000000072bc00000, 0x000000072bd00000|  0%| F|  |TAMS 0x000000072bc00000, 0x000000072bc00000| Untracked 
| 157|0x000000072bd00000, 0x000000072bd00000, 0x000000072be00000|  0%| F|  |TAMS 0x000000072bd00000, 0x000000072bd00000| Untracked 
| 158|0x000000072be00000, 0x000000072be00000, 0x000000072bf00000|  0%| F|  |TAMS 0x000000072be00000, 0x000000072be00000| Untracked 
| 159|0x000000072bf00000, 0x000000072bf00000, 0x000000072c000000|  0%| F|  |TAMS 0x000000072bf00000, 0x000000072bf00000| Untracked 
| 160|0x000000072c000000, 0x000000072c000000, 0x000000072c100000|  0%| F|  |TAMS 0x000000072c000000, 0x000000072c000000| Untracked 
| 161|0x000000072c100000, 0x000000072c100000, 0x000000072c200000|  0%| F|  |TAMS 0x000000072c100000, 0x000000072c100000| Untracked 
| 162|0x000000072c200000, 0x000000072c200000, 0x000000072c300000|  0%| F|  |TAMS 0x000000072c200000, 0x000000072c200000| Untracked 
| 163|0x000000072c300000, 0x000000072c300000, 0x000000072c400000|  0%| F|  |TAMS 0x000000072c300000, 0x000000072c300000| Untracked 
| 164|0x000000072c400000, 0x000000072c400000, 0x000000072c500000|  0%| F|  |TAMS 0x000000072c400000, 0x000000072c400000| Untracked 
| 165|0x000000072c500000, 0x000000072c500000, 0x000000072c600000|  0%| F|  |TAMS 0x000000072c500000, 0x000000072c500000| Untracked 
| 166|0x000000072c600000, 0x000000072c600000, 0x000000072c700000|  0%| F|  |TAMS 0x000000072c600000, 0x000000072c600000| Untracked 
| 167|0x000000072c700000, 0x000000072c700000, 0x000000072c800000|  0%| F|  |TAMS 0x000000072c700000, 0x000000072c700000| Untracked 
| 168|0x000000072c800000, 0x000000072c800000, 0x000000072c900000|  0%| F|  |TAMS 0x000000072c800000, 0x000000072c800000| Untracked 
| 169|0x000000072c900000, 0x000000072c900000, 0x000000072ca00000|  0%| F|  |TAMS 0x000000072c900000, 0x000000072c900000| Untracked 
| 170|0x000000072ca00000, 0x000000072ca00000, 0x000000072cb00000|  0%| F|  |TAMS 0x000000072ca00000, 0x000000072ca00000| Untracked 
| 171|0x000000072cb00000, 0x000000072cb00000, 0x000000072cc00000|  0%| F|  |TAMS 0x000000072cb00000, 0x000000072cb00000| Untracked 
| 172|0x000000072cc00000, 0x000000072cc00000, 0x000000072cd00000|  0%| F|  |TAMS 0x000000072cc00000, 0x000000072cc00000| Untracked 
| 173|0x000000072cd00000, 0x000000072cd00000, 0x000000072ce00000|  0%| F|  |TAMS 0x000000072cd00000, 0x000000072cd00000| Untracked 
| 174|0x000000072ce00000, 0x000000072cf00000, 0x000000072cf00000|100%| E|  |TAMS 0x000000072ce00000, 0x000000072ce00000| Complete 
| 175|0x000000072cf00000, 0x000000072d000000, 0x000000072d000000|100%| E|CS|TAMS 0x000000072cf00000, 0x000000072cf00000| Complete 
| 176|0x000000072d000000, 0x000000072d100000, 0x000000072d100000|100%| E|CS|TAMS 0x000000072d000000, 0x000000072d000000| Complete 
| 177|0x000000072d100000, 0x000000072d200000, 0x000000072d200000|100%| E|CS|TAMS 0x000000072d100000, 0x000000072d100000| Complete 
| 178|0x000000072d200000, 0x000000072d300000, 0x000000072d300000|100%| E|CS|TAMS 0x000000072d200000, 0x000000072d200000| Complete 
| 179|0x000000072d300000, 0x000000072d400000, 0x000000072d400000|100%| E|CS|TAMS 0x000000072d300000, 0x000000072d300000| Complete 
| 180|0x000000072d400000, 0x000000072d500000, 0x000000072d500000|100%| E|CS|TAMS 0x000000072d400000, 0x000000072d400000| Complete 
| 181|0x000000072d500000, 0x000000072d600000, 0x000000072d600000|100%| E|CS|TAMS 0x000000072d500000, 0x000000072d500000| Complete 
| 182|0x000000072d600000, 0x000000072d700000, 0x000000072d700000|100%| E|CS|TAMS 0x000000072d600000, 0x000000072d600000| Complete 
| 183|0x000000072d700000, 0x000000072d800000, 0x000000072d800000|100%| E|CS|TAMS 0x000000072d700000, 0x000000072d700000| Complete 
| 184|0x000000072d800000, 0x000000072d900000, 0x000000072d900000|100%| E|CS|TAMS 0x000000072d800000, 0x000000072d800000| Complete 
| 185|0x000000072d900000, 0x000000072da00000, 0x000000072da00000|100%| E|CS|TAMS 0x000000072d900000, 0x000000072d900000| Complete 
| 186|0x000000072da00000, 0x000000072db00000, 0x000000072db00000|100%| E|CS|TAMS 0x000000072da00000, 0x000000072da00000| Complete 
| 187|0x000000072db00000, 0x000000072dc00000, 0x000000072dc00000|100%| E|CS|TAMS 0x000000072db00000, 0x000000072db00000| Complete 
| 188|0x000000072dc00000, 0x000000072dd00000, 0x000000072dd00000|100%| E|CS|TAMS 0x000000072dc00000, 0x000000072dc00000| Complete 
| 189|0x000000072dd00000, 0x000000072de00000, 0x000000072de00000|100%| E|CS|TAMS 0x000000072dd00000, 0x000000072dd00000| Complete 
| 190|0x000000072de00000, 0x000000072df00000, 0x000000072df00000|100%| E|CS|TAMS 0x000000072de00000, 0x000000072de00000| Complete 
| 191|0x000000072df00000, 0x000000072e000000, 0x000000072e000000|100%| E|CS|TAMS 0x000000072df00000, 0x000000072df00000| Complete 
| 192|0x000000072e000000, 0x000000072e100000, 0x000000072e100000|100%| E|CS|TAMS 0x000000072e000000, 0x000000072e000000| Complete 
| 193|0x000000072e100000, 0x000000072e200000, 0x000000072e200000|100%| E|CS|TAMS 0x000000072e100000, 0x000000072e100000| Complete 
| 194|0x000000072e200000, 0x000000072e300000, 0x000000072e300000|100%| E|CS|TAMS 0x000000072e200000, 0x000000072e200000| Complete 
| 195|0x000000072e300000, 0x000000072e400000, 0x000000072e400000|100%| E|CS|TAMS 0x000000072e300000, 0x000000072e300000| Complete 
| 196|0x000000072e400000, 0x000000072e500000, 0x000000072e500000|100%| E|CS|TAMS 0x000000072e400000, 0x000000072e400000| Complete 
| 197|0x000000072e500000, 0x000000072e600000, 0x000000072e600000|100%| E|CS|TAMS 0x000000072e500000, 0x000000072e500000| Complete 
| 198|0x000000072e600000, 0x000000072e700000, 0x000000072e700000|100%| E|CS|TAMS 0x000000072e600000, 0x000000072e600000| Complete 
| 199|0x000000072e700000, 0x000000072e800000, 0x000000072e800000|100%| E|CS|TAMS 0x000000072e700000, 0x000000072e700000| Complete 
| 200|0x000000072e800000, 0x000000072e900000, 0x000000072e900000|100%| E|CS|TAMS 0x000000072e800000, 0x000000072e800000| Complete 
| 201|0x000000072e900000, 0x000000072ea00000, 0x000000072ea00000|100%| E|CS|TAMS 0x000000072e900000, 0x000000072e900000| Complete 
| 202|0x000000072ea00000, 0x000000072eb00000, 0x000000072eb00000|100%| E|CS|TAMS 0x000000072ea00000, 0x000000072ea00000| Complete 
| 203|0x000000072eb00000, 0x000000072ec00000, 0x000000072ec00000|100%| E|CS|TAMS 0x000000072eb00000, 0x000000072eb00000| Complete 
| 204|0x000000072ec00000, 0x000000072ed00000, 0x000000072ed00000|100%| E|CS|TAMS 0x000000072ec00000, 0x000000072ec00000| Complete 
| 205|0x000000072ed00000, 0x000000072ee00000, 0x000000072ee00000|100%| E|CS|TAMS 0x000000072ed00000, 0x000000072ed00000| Complete 
| 206|0x000000072ee00000, 0x000000072ef00000, 0x000000072ef00000|100%| E|CS|TAMS 0x000000072ee00000, 0x000000072ee00000| Complete 
| 207|0x000000072ef00000, 0x000000072f000000, 0x000000072f000000|100%| E|CS|TAMS 0x000000072ef00000, 0x000000072ef00000| Complete 
| 208|0x000000072f000000, 0x000000072f100000, 0x000000072f100000|100%| E|CS|TAMS 0x000000072f000000, 0x000000072f000000| Complete 
| 209|0x000000072f100000, 0x000000072f200000, 0x000000072f200000|100%| E|CS|TAMS 0x000000072f100000, 0x000000072f100000| Complete 
| 210|0x000000072f200000, 0x000000072f300000, 0x000000072f300000|100%| E|CS|TAMS 0x000000072f200000, 0x000000072f200000| Complete 
| 211|0x000000072f300000, 0x000000072f400000, 0x000000072f400000|100%| E|CS|TAMS 0x000000072f300000, 0x000000072f300000| Complete 
| 212|0x000000072f400000, 0x000000072f500000, 0x000000072f500000|100%| E|CS|TAMS 0x000000072f400000, 0x000000072f400000| Complete 
| 213|0x000000072f500000, 0x000000072f600000, 0x000000072f600000|100%| E|CS|TAMS 0x000000072f500000, 0x000000072f500000| Complete 
| 214|0x000000072f600000, 0x000000072f700000, 0x000000072f700000|100%| E|CS|TAMS 0x000000072f600000, 0x000000072f600000| Complete 
| 215|0x000000072f700000, 0x000000072f800000, 0x000000072f800000|100%| E|CS|TAMS 0x000000072f700000, 0x000000072f700000| Complete 
| 216|0x000000072f800000, 0x000000072f900000, 0x000000072f900000|100%| E|CS|TAMS 0x000000072f800000, 0x000000072f800000| Complete 
| 217|0x000000072f900000, 0x000000072fa00000, 0x000000072fa00000|100%| E|CS|TAMS 0x000000072f900000, 0x000000072f900000| Complete 
| 218|0x000000072fa00000, 0x000000072fb00000, 0x000000072fb00000|100%| E|CS|TAMS 0x000000072fa00000, 0x000000072fa00000| Complete 
| 219|0x000000072fb00000, 0x000000072fc00000, 0x000000072fc00000|100%| E|CS|TAMS 0x000000072fb00000, 0x000000072fb00000| Complete 
| 220|0x000000072fc00000, 0x000000072fd00000, 0x000000072fd00000|100%| E|CS|TAMS 0x000000072fc00000, 0x000000072fc00000| Complete 
| 221|0x000000072fd00000, 0x000000072fe00000, 0x000000072fe00000|100%| E|CS|TAMS 0x000000072fd00000, 0x000000072fd00000| Complete 

Card table byte_map: [0x000001faf8900000,0x000001faf8ff0000] _byte_map_base: 0x000001faf4ff0000

Marking Bits (Prev, Next): (CMBitMap*) 0x000001faf3695fe8, (CMBitMap*) 0x000001faf3696020
 Prev Bits: [0x000001faf96e0000, 0x000001fafce60000)
 Next Bits: [0x000001fa8f000000, 0x000001fa92780000)

Polling page: 0x000001faf1d90000

Metaspace:

Usage:
  Non-class:     38.97 MB capacity,    38.31 MB ( 98%) used,   544.65 KB (  1%) free+waste,   131.94 KB ( <1%) overhead. 
      Class:      5.07 MB capacity,     4.66 MB ( 92%) used,   358.73 KB (  7%) free+waste,    60.94 KB (  1%) overhead. 
       Both:     44.04 MB capacity,    42.96 MB ( 98%) used,   903.38 KB (  2%) free+waste,   192.88 KB ( <1%) overhead. 

Virtual space:
  Non-class space:       40.00 MB reserved,      39.00 MB ( 98%) committed 
      Class space:        1.00 GB reserved,       5.13 MB ( <1%) committed 
             Both:        1.04 GB reserved,      44.13 MB (  4%) committed 

Chunk freelists:
   Non-Class:  31.00 KB
       Class:  29.00 KB
        Both:  60.00 KB

MaxMetaspaceSize: 17179869184.00 GB
CompressedClassSpaceSize: 1.00 GB

CodeHeap 'non-profiled nmethods': size=119168Kb used=4734Kb max_used=4734Kb free=114433Kb
 bounds [0x000001fa87ba0000, 0x000001fa88040000, 0x000001fa8f000000]
CodeHeap 'profiled nmethods': size=119168Kb used=16160Kb max_used=16160Kb free=103008Kb
 bounds [0x000001fa80740000, 0x000001fa81710000, 0x000001fa87ba0000]
CodeHeap 'non-nmethods': size=7424Kb used=1185Kb max_used=2903Kb free=6238Kb
 bounds [0x000001fa80000000, 0x000001fa803f0000, 0x000001fa80740000]
 total_blobs=6947 nmethods=6413 adapters=445
 compilation: enabled
              stopped_count=0, restarted_count=0
 full_count=0

Compilation events (20 events):
Event: 267.015 Thread 0x000001fa93084000 6440   !   3       reactor.core.publisher.FluxSubscribeOnCallable$CallableSubscribeOnSubscription::request (114 bytes)
Event: 267.016 Thread 0x000001fa93084000 nmethod 6440 0x000001fa81702910 code [0x000001fa81702ca0, 0x000001fa81704368]
Event: 267.016 Thread 0x000001fa93084000 6441       3       reactor.core.scheduler.SingleScheduler::schedule (14 bytes)
Event: 267.016 Thread 0x000001fa93084000 nmethod 6441 0x000001fa81704b90 code [0x000001fa81704d40, 0x000001fa81704e88]
Event: 267.016 Thread 0x000001fa93084000 6442       3       reactor.core.publisher.FluxSubscribeOnCallable$CallableSubscribeOnSubscription::setMainFuture (35 bytes)
Event: 267.017 Thread 0x000001fa93084000 nmethod 6442 0x000001fa81704f10 code [0x000001fa81705140, 0x000001fa817058e8]
Event: 267.017 Thread 0x000001fa93084000 6443       3       reactor.core.scheduler.SchedulerTask::call (5 bytes)
Event: 267.017 Thread 0x000001fa93084000 nmethod 6443 0x000001fa81705b10 code [0x000001fa81705cc0, 0x000001fa81705de8]
Event: 267.017 Thread 0x000001fa93084000 6444   !   3       reactor.core.scheduler.SchedulerTask::call (161 bytes)
Event: 267.018 Thread 0x000001fa93084000 nmethod 6444 0x000001fa81705e90 code [0x000001fa81706200, 0x000001fa81707998]
Event: 267.064 Thread 0x000001fa93082000 nmethod 6421 0x000001fa88033790 code [0x000001fa88033c40, 0x000001fa880395b0]
Event: 267.064 Thread 0x000001fa93082000 6423       4       org.eclipse.jdt.internal.compiler.classfmt.FieldInfo::createField (453 bytes)
Event: 267.089 Thread 0x000001fa93082000 nmethod 6423 0x000001fa8803c590 code [0x000001fa8803c800, 0x000001fa8803e230]
Event: 267.090 Thread 0x000001fa93082000 6432       4       java.util.stream.ReferencePipeline$2::opWrapSink (10 bytes)
Event: 267.091 Thread 0x000001fa93082000 nmethod 6432 0x000001fa8803ee90 code [0x000001fa8803f040, 0x000001fa8803f218]
Event: 267.091 Thread 0x000001fa93082000 6433       4       java.util.stream.ReferencePipeline$2$1::begin (13 bytes)
Event: 267.091 Thread 0x000001fa93082000 nmethod 6433 0x000001fa8803f390 code [0x000001fa8803f520, 0x000001fa8803f5b8]
Event: 267.091 Thread 0x000001fa93082000 6437   !   4       org.eclipse.jdt.internal.compiler.parser.Scanner::getNextChar (71 bytes)
Event: 267.092 Thread 0x000001fa93082000 nmethod 6437 0x000001fa8803f690 code [0x000001fa8803f820, 0x000001fa8803f918]
Event: 267.596 Thread 0x000001fa93082000 6445       4       java.net.URI$Parser::parse (243 bytes)

GC Heap History (18 events):
Event: 0.396 GC heap before
{Heap before GC invocations=0 (full 0):
 garbage-first heap   total 227328K, used 23552K [0x0000000722000000, 0x0000000800000000)
  region size 1024K, 24 young (24576K), 0 survivors (0K)
 Metaspace       used 8913K, capacity 9076K, committed 9344K, reserved 1058816K
  class space    used 767K, capacity 838K, committed 896K, reserved 1048576K
}
Event: 0.400 GC heap after
{Heap after GC invocations=1 (full 0):
 garbage-first heap   total 227328K, used 4513K [0x0000000722000000, 0x0000000800000000)
  region size 1024K, 3 young (3072K), 3 survivors (3072K)
 Metaspace       used 8913K, capacity 9076K, committed 9344K, reserved 1058816K
  class space    used 767K, capacity 838K, committed 896K, reserved 1048576K
}
Event: 1.785 GC heap before
{Heap before GC invocations=1 (full 0):
 garbage-first heap   total 227328K, used 119201K [0x0000000722000000, 0x0000000800000000)
  region size 1024K, 116 young (118784K), 3 survivors (3072K)
 Metaspace       used 20633K, capacity 21131K, committed 21248K, reserved 1069056K
  class space    used 2270K, capacity 2465K, committed 2560K, reserved 1048576K
}
Event: 1.798 GC heap after
{Heap after GC invocations=2 (full 0):
 garbage-first heap   total 227328K, used 7986K [0x0000000722000000, 0x0000000800000000)
  region size 1024K, 7 young (7168K), 7 survivors (7168K)
 Metaspace       used 20633K, capacity 21131K, committed 21248K, reserved 1069056K
  class space    used 2270K, capacity 2465K, committed 2560K, reserved 1048576K
}
Event: 2.754 GC heap before
{Heap before GC invocations=3 (full 0):
 garbage-first heap   total 227328K, used 88882K [0x0000000722000000, 0x0000000800000000)
  region size 1024K, 87 young (89088K), 7 survivors (7168K)
 Metaspace       used 28418K, capacity 29183K, committed 29440K, reserved 1075200K
  class space    used 3294K, capacity 3568K, committed 3584K, reserved 1048576K
}
Event: 2.761 GC heap after
{Heap after GC invocations=4 (full 0):
 garbage-first heap   total 227328K, used 9940K [0x0000000722000000, 0x0000000800000000)
  region size 1024K, 6 young (6144K), 6 survivors (6144K)
 Metaspace       used 28418K, capacity 29183K, committed 29440K, reserved 1075200K
  class space    used 3294K, capacity 3568K, committed 3584K, reserved 1048576K
}
Event: 6.207 GC heap before
{Heap before GC invocations=4 (full 0):
 garbage-first heap   total 227328K, used 96980K [0x0000000722000000, 0x0000000800000000)
  region size 1024K, 88 young (90112K), 6 survivors (6144K)
 Metaspace       used 34780K, capacity 35708K, committed 35840K, reserved 1081344K
  class space    used 4016K, capacity 4407K, committed 4480K, reserved 1048576K
}
Event: 6.217 GC heap after
{Heap after GC invocations=5 (full 0):
 garbage-first heap   total 227328K, used 18850K [0x0000000722000000, 0x0000000800000000)
  region size 1024K, 12 young (12288K), 12 survivors (12288K)
 Metaspace       used 34780K, capacity 35708K, committed 35840K, reserved 1081344K
  class space    used 4016K, capacity 4407K, committed 4480K, reserved 1048576K
}
Event: 26.677 GC heap before
{Heap before GC invocations=6 (full 0):
 garbage-first heap   total 227328K, used 141730K [0x0000000722000000, 0x0000000800000000)
  region size 1024K, 133 young (136192K), 12 survivors (12288K)
 Metaspace       used 41892K, capacity 42908K, committed 43008K, reserved 1087488K
  class space    used 4679K, capacity 5088K, committed 5120K, reserved 1048576K
}
Event: 26.685 GC heap after
{Heap after GC invocations=7 (full 0):
 garbage-first heap   total 227328K, used 20277K [0x0000000722000000, 0x0000000800000000)
  region size 1024K, 10 young (10240K), 10 survivors (10240K)
 Metaspace       used 41892K, capacity 42908K, committed 43008K, reserved 1087488K
  class space    used 4679K, capacity 5088K, committed 5120K, reserved 1048576K
}
Event: 85.496 GC heap before
{Heap before GC invocations=7 (full 0):
 garbage-first heap   total 227328K, used 146229K [0x0000000722000000, 0x0000000800000000)
  region size 1024K, 133 young (136192K), 10 survivors (10240K)
 Metaspace       used 42573K, capacity 43653K, committed 43904K, reserved 1087488K
  class space    used 4733K, capacity 5141K, committed 5248K, reserved 1048576K
}
Event: 85.499 GC heap after
{Heap after GC invocations=8 (full 0):
 garbage-first heap   total 227328K, used 20686K [0x0000000722000000, 0x0000000800000000)
  region size 1024K, 8 young (8192K), 8 survivors (8192K)
 Metaspace       used 42573K, capacity 43653K, committed 43904K, reserved 1087488K
  class space    used 4733K, capacity 5141K, committed 5248K, reserved 1048576K
}
Event: 127.578 GC heap before
{Heap before GC invocations=8 (full 0):
 garbage-first heap   total 227328K, used 147662K [0x0000000722000000, 0x0000000800000000)
  region size 1024K, 133 young (136192K), 8 survivors (8192K)
 Metaspace       used 43156K, capacity 44257K, committed 44416K, reserved 1089536K
  class space    used 4738K, capacity 5146K, committed 5248K, reserved 1048576K
}
Event: 127.581 GC heap after
{Heap after GC invocations=9 (full 0):
 garbage-first heap   total 227328K, used 20934K [0x0000000722000000, 0x0000000800000000)
  region size 1024K, 9 young (9216K), 9 survivors (9216K)
 Metaspace       used 43156K, capacity 44257K, committed 44416K, reserved 1089536K
  class space    used 4738K, capacity 5146K, committed 5248K, reserved 1048576K
}
Event: 189.695 GC heap before
{Heap before GC invocations=9 (full 0):
 garbage-first heap   total 227328K, used 147910K [0x0000000722000000, 0x0000000800000000)
  region size 1024K, 133 young (136192K), 9 survivors (9216K)
 Metaspace       used 43500K, capacity 44589K, committed 44928K, reserved 1089536K
  class space    used 4755K, capacity 5149K, committed 5248K, reserved 1048576K
}
Event: 189.705 GC heap after
{Heap after GC invocations=10 (full 0):
 garbage-first heap   total 227328K, used 21467K [0x0000000722000000, 0x0000000800000000)
  region size 1024K, 9 young (9216K), 9 survivors (9216K)
 Metaspace       used 43500K, capacity 44589K, committed 44928K, reserved 1089536K
  class space    used 4755K, capacity 5149K, committed 5248K, reserved 1048576K
}
Event: 252.069 GC heap before
{Heap before GC invocations=10 (full 0):
 garbage-first heap   total 227328K, used 147419K [0x0000000722000000, 0x0000000800000000)
  region size 1024K, 133 young (136192K), 9 survivors (9216K)
 Metaspace       used 43831K, capacity 44962K, committed 45184K, reserved 1089536K
  class space    used 4767K, capacity 5187K, committed 5248K, reserved 1048576K
}
Event: 252.095 GC heap after
{Heap after GC invocations=11 (full 0):
 garbage-first heap   total 227328K, used 21053K [0x0000000722000000, 0x0000000800000000)
  region size 1024K, 9 young (9216K), 9 survivors (9216K)
 Metaspace       used 43831K, capacity 44962K, committed 45184K, reserved 1089536K
  class space    used 4767K, capacity 5187K, committed 5248K, reserved 1048576K
}

Deoptimization events (20 events):
Event: 238.929 Thread 0x000001fa953e8800 DEOPT PACKING pc=0x000001fa815821ba sp=0x00000079268fca90
Event: 238.929 Thread 0x000001fa953e8800 DEOPT UNPACKING pc=0x000001fa8002794e sp=0x00000079268fbfd8 mode 0
Event: 241.535 Thread 0x000001fa953e8800 DEOPT PACKING pc=0x000001fa815821ba sp=0x00000079268fcfb0
Event: 241.535 Thread 0x000001fa953e8800 DEOPT UNPACKING pc=0x000001fa8002794e sp=0x00000079268fc4f8 mode 0
Event: 241.575 Thread 0x000001fa953e8800 DEOPT PACKING pc=0x000001fa815c8525 sp=0x00000079268fd5d0
Event: 241.575 Thread 0x000001fa953e8800 DEOPT UNPACKING pc=0x000001fa8002794e sp=0x00000079268fca80 mode 0
Event: 249.033 Thread 0x000001fa953e8800 DEOPT PACKING pc=0x000001fa815c84a5 sp=0x00000079268fd5d0
Event: 249.033 Thread 0x000001fa953e8800 DEOPT UNPACKING pc=0x000001fa8002794e sp=0x00000079268fca80 mode 0
Event: 252.103 Thread 0x000001fa953ec800 Uncommon trap: trap_request=0xfffffff4 fr.pc=0x000001fa87ee7da0 relative=0x0000000000000c40
Event: 252.103 Thread 0x000001fa953ec800 Uncommon trap: reason=null_check action=make_not_entrant pc=0x000001fa87ee7da0 method=java.util.TimSort.binarySort([Ljava/lang/Object;IIILjava/util/Comparator;)V @ 183 c2
Event: 252.103 Thread 0x000001fa953ec800 DEOPT PACKING pc=0x000001fa87ee7da0 sp=0x00000079253fe8a0
Event: 252.103 Thread 0x000001fa953ec800 DEOPT UNPACKING pc=0x000001fa80027b2f sp=0x00000079253fe858 mode 2
Event: 253.870 Thread 0x000001fa953e8800 DEOPT PACKING pc=0x000001fa815c452d sp=0x00000079268fd7b0
Event: 253.870 Thread 0x000001fa953e8800 DEOPT UNPACKING pc=0x000001fa8002794e sp=0x00000079268fcc70 mode 0
Event: 253.879 Thread 0x000001fa953e8800 DEOPT PACKING pc=0x000001fa815c84a5 sp=0x00000079268fd5d0
Event: 253.879 Thread 0x000001fa953e8800 DEOPT UNPACKING pc=0x000001fa8002794e sp=0x00000079268fca80 mode 0
Event: 266.854 Thread 0x000001fa953e8800 Uncommon trap: trap_request=0xffffff4d fr.pc=0x000001fa8801d2ec relative=0x00000000000015cc
Event: 266.854 Thread 0x000001fa953e8800 Uncommon trap: reason=unstable_if action=reinterpret pc=0x000001fa8801d2ec method=org.eclipse.jdt.internal.compiler.parser.Scanner.internalScanIdentifierOrKeyword(II[C)I @ 3602 c2
Event: 266.854 Thread 0x000001fa953e8800 DEOPT PACKING pc=0x000001fa8801d2ec sp=0x00000079268fd890
Event: 266.854 Thread 0x000001fa953e8800 DEOPT UNPACKING pc=0x000001fa80027b2f sp=0x00000079268fd830 mode 2

Classes redefined (0 events):
No events

Internal exceptions (20 events):
Event: 235.923 Thread 0x000001fa953e8800 Exception <a 'java/lang/ArrayIndexOutOfBoundsException'{0x000000072b413768}> (0x000000072b413768) thrown at [./src/hotspot/share/runtime/sharedRuntime.cpp, line 585]
Event: 235.923 Thread 0x000001fa953e8800 Exception <a 'java/lang/ArrayIndexOutOfBoundsException'{0x000000072b413d30}> (0x000000072b413d30) thrown at [./src/hotspot/share/runtime/sharedRuntime.cpp, line 585]
Event: 235.923 Thread 0x000001fa953e8800 Exception <a 'java/lang/ArrayIndexOutOfBoundsException'{0x000000072b4142f8}> (0x000000072b4142f8) thrown at [./src/hotspot/share/runtime/sharedRuntime.cpp, line 585]
Event: 235.923 Thread 0x000001fa953e8800 Exception <a 'java/lang/ArrayIndexOutOfBoundsException'{0x000000072b41b760}> (0x000000072b41b760) thrown at [./src/hotspot/share/runtime/sharedRuntime.cpp, line 585]
Event: 238.891 Thread 0x000001fa953e8800 Exception <a 'java/lang/ArrayIndexOutOfBoundsException'{0x000000072b36d548}> (0x000000072b36d548) thrown at [./src/hotspot/share/runtime/sharedRuntime.cpp, line 585]
Event: 238.891 Thread 0x000001fa953e8800 Exception <a 'java/lang/ArrayIndexOutOfBoundsException'{0x000000072b36f798}> (0x000000072b36f798) thrown at [./src/hotspot/share/runtime/sharedRuntime.cpp, line 585]
Event: 238.891 Thread 0x000001fa953e8800 Exception <a 'java/lang/ArrayIndexOutOfBoundsException'{0x000000072b36fd60}> (0x000000072b36fd60) thrown at [./src/hotspot/share/runtime/sharedRuntime.cpp, line 585]
Event: 238.891 Thread 0x000001fa953e8800 Exception <a 'java/lang/ArrayIndexOutOfBoundsException'{0x000000072ab80800}> (0x000000072ab80800) thrown at [./src/hotspot/share/runtime/sharedRuntime.cpp, line 585]
Event: 238.891 Thread 0x000001fa953e8800 Exception <a 'java/lang/ArrayIndexOutOfBoundsException'{0x000000072ab87c68}> (0x000000072ab87c68) thrown at [./src/hotspot/share/runtime/sharedRuntime.cpp, line 585]
Event: 238.909 Thread 0x000001fa953e8800 Exception <a 'java/lang/ArrayIndexOutOfBoundsException'{0x000000072a920cb8}> (0x000000072a920cb8) thrown at [./src/hotspot/share/runtime/sharedRuntime.cpp, line 585]
Event: 238.910 Thread 0x000001fa953e8800 Exception <a 'java/lang/ArrayIndexOutOfBoundsException'{0x000000072a922f88}> (0x000000072a922f88) thrown at [./src/hotspot/share/runtime/sharedRuntime.cpp, line 585]
Event: 238.910 Thread 0x000001fa953e8800 Exception <a 'java/lang/ArrayIndexOutOfBoundsException'{0x000000072a923550}> (0x000000072a923550) thrown at [./src/hotspot/share/runtime/sharedRuntime.cpp, line 585]
Event: 238.910 Thread 0x000001fa953e8800 Exception <a 'java/lang/ArrayIndexOutOfBoundsException'{0x000000072a923b18}> (0x000000072a923b18) thrown at [./src/hotspot/share/runtime/sharedRuntime.cpp, line 585]
Event: 238.910 Thread 0x000001fa953e8800 Exception <a 'java/lang/ArrayIndexOutOfBoundsException'{0x000000072a92b268}> (0x000000072a92b268) thrown at [./src/hotspot/share/runtime/sharedRuntime.cpp, line 585]
Event: 238.927 Thread 0x000001fa953e8800 Exception <a 'java/lang/ArrayIndexOutOfBoundsException'{0x000000072a8b21e0}> (0x000000072a8b21e0) thrown at [./src/hotspot/share/runtime/sharedRuntime.cpp, line 585]
Event: 238.928 Thread 0x000001fa953e8800 Exception <a 'java/lang/ArrayIndexOutOfBoundsException'{0x000000072a8b44b0}> (0x000000072a8b44b0) thrown at [./src/hotspot/share/runtime/sharedRuntime.cpp, line 585]
Event: 238.928 Thread 0x000001fa953e8800 Exception <a 'java/lang/ArrayIndexOutOfBoundsException'{0x000000072a8b4a78}> (0x000000072a8b4a78) thrown at [./src/hotspot/share/runtime/sharedRuntime.cpp, line 585]
Event: 238.928 Thread 0x000001fa953e8800 Exception <a 'java/lang/ArrayIndexOutOfBoundsException'{0x000000072a8b5040}> (0x000000072a8b5040) thrown at [./src/hotspot/share/runtime/sharedRuntime.cpp, line 585]
Event: 238.928 Thread 0x000001fa953e8800 Exception <a 'java/lang/ArrayIndexOutOfBoundsException'{0x000000072a8bc790}> (0x000000072a8bc790) thrown at [./src/hotspot/share/runtime/sharedRuntime.cpp, line 585]
Event: 252.103 Thread 0x000001fa953ec800 Implicit null exception at 0x000001fa87ee7287 to 0x000001fa87ee7d60

Events (20 events):
Event: 257.533 Thread 0x000001fa95522000 Thread exited: 0x000001fa95522000
Event: 266.567 Thread 0x000001fa94632800 Thread added: 0x000001fa94632800
Event: 266.568 Executing VM operation: RevokeBias
Event: 266.568 Executing VM operation: RevokeBias done
Event: 266.569 Executing VM operation: RevokeBias
Event: 266.569 Executing VM operation: RevokeBias done
Event: 266.569 Executing VM operation: RevokeBias
Event: 266.569 Executing VM operation: RevokeBias done
Event: 266.769 Executing VM operation: RevokeBias
Event: 266.769 Executing VM operation: RevokeBias done
Event: 266.770 Executing VM operation: RevokeBias
Event: 266.770 Executing VM operation: RevokeBias done
Event: 266.889 Executing VM operation: RevokeBias
Event: 266.889 Executing VM operation: RevokeBias done
Event: 266.889 Executing VM operation: RevokeBias
Event: 266.889 Executing VM operation: RevokeBias done
Event: 267.015 Executing VM operation: RevokeBias
Event: 267.015 Executing VM operation: RevokeBias done
Event: 267.015 Executing VM operation: RevokeBias
Event: 267.015 Executing VM operation: RevokeBias done


Dynamic libraries:
0x00007ff69c8a0000 - 0x00007ff69c8aa000 	C:\Program Files\JetBrains\IntelliJ IDEA 2020.3.4\jbr\bin\java.exe
0x00007ffbfa310000 - 0x00007ffbfa505000 	C:\Windows\SYSTEM32\ntdll.dll
0x00007ffbf8b10000 - 0x00007ffbf8bcd000 	C:\Windows\System32\KERNEL32.DLL
0x00007ffbf7d60000 - 0x00007ffbf8029000 	C:\Windows\System32\KERNELBASE.dll
0x00007ffbf7bb0000 - 0x00007ffbf7cb0000 	C:\Windows\System32\ucrtbase.dll
0x00007ffbb20d0000 - 0x00007ffbb20e7000 	C:\Program Files\JetBrains\IntelliJ IDEA 2020.3.4\jbr\bin\VCRUNTIME140.dll
0x00007ffbb20b0000 - 0x00007ffbb20c9000 	C:\Program Files\JetBrains\IntelliJ IDEA 2020.3.4\jbr\bin\jli.dll
0x00007ffbf9e30000 - 0x00007ffbf9fd0000 	C:\Windows\System32\USER32.dll
0x00007ffbf7a50000 - 0x00007ffbf7a72000 	C:\Windows\System32\win32u.dll
0x00007ffbf9fd0000 - 0x00007ffbf9ffa000 	C:\Windows\System32\GDI32.dll
0x00007ffbf8030000 - 0x00007ffbf813b000 	C:\Windows\System32\gdi32full.dll
0x00007ffbe5d40000 - 0x00007ffbe5fda000 	C:\Windows\WinSxS\amd64_microsoft.windows.common-controls_6595b64144ccf1df_6.0.19041.1110_none_60b5254171f9507e\COMCTL32.dll
0x00007ffbf7a80000 - 0x00007ffbf7b1d000 	C:\Windows\System32\msvcp_win.dll
0x00007ffbfa1d0000 - 0x00007ffbfa26e000 	C:\Windows\System32\msvcrt.dll
0x00007ffbf8380000 - 0x00007ffbf83b0000 	C:\Windows\System32\IMM32.DLL
0x00007ffbadd00000 - 0x00007ffbadd9d000 	C:\Program Files\JetBrains\IntelliJ IDEA 2020.3.4\jbr\bin\msvcp140.dll
0x00007ffbb2920000 - 0x00007ffbb33f0000 	C:\Program Files\JetBrains\IntelliJ IDEA 2020.3.4\jbr\bin\server\jvm.dll
0x00007ffbf83b0000 - 0x00007ffbf845c000 	C:\Windows\System32\ADVAPI32.dll
0x00007ffbf8d50000 - 0x00007ffbf8deb000 	C:\Windows\System32\sechost.dll
0x00007ffbf9670000 - 0x00007ffbf979a000 	C:\Windows\System32\RPCRT4.dll
0x00007ffbf8df0000 - 0x00007ffbf8df8000 	C:\Windows\System32\PSAPI.DLL
0x00007ffbeb9c0000 - 0x00007ffbeb9e7000 	C:\Windows\SYSTEM32\WINMM.dll
0x00007ffbd6ad0000 - 0x00007ffbd6ad9000 	C:\Windows\SYSTEM32\WSOCK32.dll
0x00007ffbf9800000 - 0x00007ffbf986b000 	C:\Windows\System32\WS2_32.dll
0x00007ffbef650000 - 0x00007ffbef65a000 	C:\Windows\SYSTEM32\VERSION.dll
0x00007ffbf6300000 - 0x00007ffbf6312000 	C:\Windows\SYSTEM32\kernel.appcore.dll
0x00007ffbbbcc0000 - 0x00007ffbbbcd1000 	C:\Program Files\JetBrains\IntelliJ IDEA 2020.3.4\jbr\bin\verify.dll
0x00007ffbf60c0000 - 0x00007ffbf62a4000 	C:\Windows\SYSTEM32\DBGHELP.DLL
0x00007ffbe2b10000 - 0x00007ffbe2b3c000 	C:\Windows\SYSTEM32\dbgcore.DLL
0x00007ffbf7b20000 - 0x00007ffbf7ba3000 	C:\Windows\System32\bcryptPrimitives.dll
0x00007ffbb28f0000 - 0x00007ffbb2919000 	C:\Program Files\JetBrains\IntelliJ IDEA 2020.3.4\jbr\bin\java.dll
0x00007ffbd6a30000 - 0x00007ffbd6a3b000 	C:\Program Files\JetBrains\IntelliJ IDEA 2020.3.4\jbr\bin\jimage.dll
0x00007ffbb7000000 - 0x00007ffbb7018000 	C:\Program Files\JetBrains\IntelliJ IDEA 2020.3.4\jbr\bin\zip.dll
0x00007ffbf8e00000 - 0x00007ffbf953f000 	C:\Windows\System32\SHELL32.dll
0x00007ffbf57e0000 - 0x00007ffbf5f71000 	C:\Windows\SYSTEM32\windows.storage.dll
0x00007ffbf8460000 - 0x00007ffbf87b5000 	C:\Windows\System32\combase.dll
0x00007ffbf74c0000 - 0x00007ffbf74ec000 	C:\Windows\SYSTEM32\Wldp.dll
0x00007ffbf95c0000 - 0x00007ffbf966e000 	C:\Windows\System32\SHCORE.dll
0x00007ffbf8bd0000 - 0x00007ffbf8c25000 	C:\Windows\System32\shlwapi.dll
0x00007ffbf7990000 - 0x00007ffbf79af000 	C:\Windows\SYSTEM32\profapi.dll
0x00007ffbb28d0000 - 0x00007ffbb28ea000 	C:\Program Files\JetBrains\IntelliJ IDEA 2020.3.4\jbr\bin\net.dll
0x00007ffbf0510000 - 0x00007ffbf061a000 	C:\Windows\SYSTEM32\WINHTTP.dll
0x00007ffbf71d0000 - 0x00007ffbf723a000 	C:\Windows\system32\mswsock.dll
0x00007ffbb28b0000 - 0x00007ffbb28c4000 	C:\Program Files\JetBrains\IntelliJ IDEA 2020.3.4\jbr\bin\nio.dll
0x00007ffbd6970000 - 0x00007ffbd697a000 	C:\Program Files\JetBrains\IntelliJ IDEA 2020.3.4\jbr\bin\management.dll
0x00007ffbc6fe0000 - 0x00007ffbc6fec000 	C:\Program Files\JetBrains\IntelliJ IDEA 2020.3.4\jbr\bin\management_ext.dll
0x00007ffbdf3a0000 - 0x00007ffbdf3b7000 	C:\Windows\system32\napinsp.dll
0x00007ffbdf2d0000 - 0x00007ffbdf2eb000 	C:\Windows\system32\pnrpnsp.dll
0x00007ffbf29a0000 - 0x00007ffbf29b5000 	C:\Windows\system32\wshbth.dll
0x00007ffbf3320000 - 0x00007ffbf333d000 	C:\Windows\system32\NLAapi.dll
0x00007ffbf6e80000 - 0x00007ffbf6ebb000 	C:\Windows\SYSTEM32\IPHLPAPI.DLL
0x00007ffbf6ed0000 - 0x00007ffbf6f9c000 	C:\Windows\SYSTEM32\DNSAPI.dll
0x00007ffbfa0e0000 - 0x00007ffbfa0e8000 	C:\Windows\System32\NSI.dll
0x00007ffbdf130000 - 0x00007ffbdf142000 	C:\Windows\System32\winrnr.dll
0x00007ffbefae0000 - 0x00007ffbefaea000 	C:\Windows\System32\rasadhlp.dll
0x00007ffbec7c0000 - 0x00007ffbec83f000 	C:\Windows\System32\fwpuclnt.dll
0x00007ffbf8350000 - 0x00007ffbf8377000 	C:\Windows\System32\bcrypt.dll
0x00007ffbf7370000 - 0x00007ffbf7388000 	C:\Windows\SYSTEM32\CRYPTSP.dll
0x00007ffbf6b10000 - 0x00007ffbf6b44000 	C:\Windows\system32\rsaenh.dll
0x00007ffbf7950000 - 0x00007ffbf797e000 	C:\Windows\SYSTEM32\USERENV.dll
0x00007ffbf7390000 - 0x00007ffbf739c000 	C:\Windows\SYSTEM32\CRYPTBASE.dll
0x00007ffbefa60000 - 0x00007ffbefa77000 	C:\Windows\SYSTEM32\dhcpcsvc6.DLL
0x00007ffbefa40000 - 0x00007ffbefa5d000 	C:\Windows\SYSTEM32\dhcpcsvc.DLL
0x00007ffbf1c50000 - 0x00007ffbf1c5a000 	C:\Program Files\JetBrains\IntelliJ IDEA 2020.3.4\jbr\bin\attach.dll

dbghelp: loaded successfully - version: 4.0.5 - missing functions: none
symbol engine: initialized successfully - sym options: 0x614 - pdb path: .;C:\Program Files\JetBrains\IntelliJ IDEA 2020.3.4\jbr\bin;C:\Windows\SYSTEM32;C:\Windows\WinSxS\amd64_microsoft.windows.common-controls_6595b64144ccf1df_6.0.19041.1110_none_60b5254171f9507e;C:\Program Files\JetBrains\IntelliJ IDEA 2020.3.4\jbr\bin\server

VM Arguments:
java_command: C:\Users\29534\AppData\Roaming\JetBrains\IntelliJIdea2020.3\plugins\idea-spring-tools\lib\server\language-server.jar
java_class_path (initial): C:\Users\29534\AppData\Roaming\JetBrains\IntelliJIdea2020.3\plugins\idea-spring-tools\lib\server\language-server.jar
Launcher Type: SUN_STANDARD

[Global flags]
     intx CICompilerCount                          = 12                                        {product} {ergonomic}
     uint ConcGCThreads                            = 3                                         {product} {ergonomic}
     uint G1ConcRefinementThreads                  = 13                                        {product} {ergonomic}
   size_t G1HeapRegionSize                         = 1048576                                   {product} {ergonomic}
    uintx GCDrainStackTargetSize                   = 64                                        {product} {ergonomic}
   size_t InitialHeapSize                          = 232783872                                 {product} {ergonomic}
   size_t MarkStackSize                            = 4194304                                   {product} {ergonomic}
   size_t MaxHeapSize                              = 3724541952                                {product} {ergonomic}
   size_t MaxNewSize                               = 2234515456                                {product} {ergonomic}
   size_t MinHeapDeltaBytes                        = 1048576                                   {product} {ergonomic}
    uintx NonNMethodCodeHeapSize                   = 7594288                                {pd product} {ergonomic}
    uintx NonProfiledCodeHeapSize                  = 122031976                              {pd product} {ergonomic}
    uintx ProfiledCodeHeapSize                     = 122031976                              {pd product} {ergonomic}
    uintx ReservedCodeCacheSize                    = 251658240                              {pd product} {ergonomic}
     bool SegmentedCodeCache                       = true                                      {product} {ergonomic}
     bool UseCompressedClassPointers               = true                                 {lp64_product} {ergonomic}
     bool UseCompressedOops                        = true                                 {lp64_product} {ergonomic}
     bool UseG1GC                                  = true                                      {product} {ergonomic}
     bool UseLargePagesIndividualAllocation        = false                                  {pd product} {ergonomic}

Logging:
Log output configuration:
 #0: stdout all=warning uptime,level,tags
 #1: stderr all=off uptime,level,tags

Environment Variables:
JAVA_HOME=C:\Program Files\Java\jdk1.8.0_152
CLASSPATH=.;C:\Program Files\Java\jdk1.8.0_152\lib;C:\Program Files\Java\jdk1.8.0_152\lib\dt.jar;C:\Program Files\Java\jdk1.8.0_152\lib\tools.jar
PATH=C:\Python39\Scripts\;C:\Python39\;C:\Program Files (x86)\Common Files\Oracle\Java\javapath;C:\Program Files\Java\jdk1.8.0_152\bin;C:\Program Files\Java\jdk1.8.0_152\jre\bin;C:\ProgramData\Oracle\Java\javapath;C:\Windows\system32;C:\Windows;C:\Windows\System32\Wbem;C:\Windows\System32\WindowsPowerShell\v1.0\;C:\Windows\System32\OpenSSH\;C:\Program Files (x86)\NVIDIA Corporation\PhysX\Common;C:\Program Files\NVIDIA Corporation\NVIDIA NvDLISR;D:\tools\apache-maven-3.8.1\bin;C:\Windows\system32;C:\Windows;C:\Windows\System32\Wbem;D:\tools\apache-tomcat-7.0.109\bin;D:\tools\apache-tomcat-7.0.109\lib;D:\tools\vscode\mingw32\bin;C:\Program Files\TortoiseGit\bin;D:\QT\5.12.10\msvc2017_64\bin;D:\QT\5.12.10\mingw73_64\bin;C:\ProgramData\chocolatey\bin;C:\Users\29534\AppData\Roaming\npm;C:\Program Files\nodejs\;C:\Program Files\MySQL\MySQL Shell 8.0\bin\;C:\Users\29534\AppData\Local\Microsoft\WindowsApps;;C:\Program Files\JetBrains\IntelliJ IDEA 2020.3.4\bin;;D:\tools\vscode\Microsoft VS Code\bin;C:\Program Files (x86)\IDM Computer Solutions\UltraEdit\;C:\Users\29534\AppData\Roaming\npm
USERNAME=29534
OS=Windows_NT
PROCESSOR_IDENTIFIER=AMD64 Family 25 Model 80 Stepping 0, AuthenticAMD



---------------  S Y S T E M  ---------------

OS: Windows 10 , 64 bit Build 19041 (10.0.19041.1023)
OS uptime: 3 days 18:57 hours
Hyper-V role detected

CPU:total 16 (initial active 16) (16 cores per cpu, 2 threads per core) family 25 model 80 stepping 0 microcode 0x0, cmov, cx8, fxsr, mmx, sse, sse2, sse3, ssse3, sse4.1, sse4.2, popcnt, avx, avx2, aes, clmul, erms, mmxext, 3dnowpref, lzcnt, sse4a, ht, tsc, tscinvbit, tscinv, bmi1, bmi2,

Memory: 4k page, system-wide physical 14204M (525M free)
TotalPageFile size 39804M (AvailPageFile size 100M)
current process WorkingSet (physical memory assigned to process): 238M, peak: 303M
current process commit charge ("private bytes"): 426M, peak: 473M

vm_info: OpenJDK 64-Bit Server VM (11.0.10+8-b1145.96) for windows-amd64 JRE (11.0.10+8-b1145.96), built on Feb 18 2021 01:38:16 by "" with MS VC++ 14.0 (VS2015)

END.
